<?xml version="1.0" encoding="UTF-8"?>
<testng-results skipped="0" failed="0" ignored="0" total="1" passed="1">
  <reporter-output>
  </reporter-output>
  <suite name="Myntra Automation" duration-ms="127921" started-at="2019-11-05T03:26:41Z" finished-at="2019-11-05T03:28:49Z">
    <groups>
    </groups>
    <test name="myntra Scenarios" duration-ms="127921" started-at="2019-11-05T03:26:41Z" finished-at="2019-11-05T03:28:49Z">
      <class name="com.myntra.driverscript.DriverScript">
        <test-method status="PASS" signature="startScript()[pri:0, instance:com.myntra.driverscript.DriverScript@4f209819]" name="startScript" is-config="true" duration-ms="118" started-at="2019-11-05T08:56:41Z" finished-at="2019-11-05T08:56:41Z">
          <reporter-output>
          </reporter-output>
        </test-method> <!-- startScript -->
        <test-method status="PASS" signature="loadFiles()[pri:0, instance:com.myntra.driverscript.DriverScript@4f209819]" name="loadFiles" is-config="true" duration-ms="176" started-at="2019-11-05T08:56:41Z" finished-at="2019-11-05T08:56:41Z">
          <reporter-output>
          </reporter-output>
        </test-method> <!-- loadFiles -->
        <test-method status="PASS" signature="executeTestScripts()[pri:0, instance:com.myntra.driverscript.DriverScript@4f209819]" name="executeTestScripts" duration-ms="127389" started-at="2019-11-05T08:56:41Z" finished-at="2019-11-05T08:58:49Z">
          <reporter-output>
          </reporter-output>
        </test-method> <!-- executeTestScripts -->
        <test-method status="PASS" signature="endScript()[pri:0, instance:com.myntra.driverscript.DriverScript@4f209819]" name="endScript" is-config="true" duration-ms="36" started-at="2019-11-05T08:58:51Z" finished-at="2019-11-05T08:58:51Z">
          <reporter-output>
          </reporter-output>
        </test-method> <!-- endScript -->
      </class> <!-- com.myntra.driverscript.DriverScript -->
    </test> <!-- myntra Scenarios -->
  </suite> <!-- Myntra Automation -->
</testng-results>
